<?xml version="1.0" encoding="UTF-8"?>
<testng-results ignored="0" total="3" passed="3" failed="0" skipped="0">
  <reporter-output>
  </reporter-output>
  <suite started-at="2021-03-12T16:58:05 CST" name="TestUno" finished-at="2021-03-12T16:58:05 CST" duration-ms="47">
    <groups>
    </groups>
    <test started-at="2021-03-12T16:58:05 CST" name="Command line test" finished-at="2021-03-12T16:58:05 CST" duration-ms="47">
      <class name="TestUno">
        <test-method is-config="true" signature="setUpClass()[pri:0, instance:TestUno@5cee5251]" started-at="2021-03-12T16:58:05 CST" name="setUpClass" finished-at="2021-03-12T16:58:05 CST" duration-ms="7" status="PASS">
          <reporter-output>
          </reporter-output>
        </test-method> <!-- setUpClass -->
        <test-method signature="test2()[pri:0, instance:TestUno@5cee5251]" started-at="2021-03-12T16:58:05 CST" name="test2" finished-at="2021-03-12T16:58:05 CST" duration-ms="1" status="PASS">
          <reporter-output>
          </reporter-output>
        </test-method> <!-- test2 -->
        <test-method signature="test3()[pri:0, instance:TestUno@5cee5251]" started-at="2021-03-12T16:58:05 CST" name="test3" finished-at="2021-03-12T16:58:05 CST" duration-ms="0" status="PASS">
          <reporter-output>
          </reporter-output>
        </test-method> <!-- test3 -->
        <test-method signature="testCalcularResta()[pri:0, instance:TestUno@5cee5251]" started-at="2021-03-12T16:58:05 CST" name="testCalcularResta" finished-at="2021-03-12T16:58:05 CST" duration-ms="2" status="PASS">
          <reporter-output>
          </reporter-output>
        </test-method> <!-- testCalcularResta -->
      </class> <!-- TestUno -->
    </test> <!-- Command line test -->
  </suite> <!-- TestUno -->
</testng-results>
