<?xml version="1.0" encoding="UTF-8"?>
<!-- Generated by org.testng.reporters.JUnitReportReporter -->
<testsuite hostname="victor-Inspiron-5559" failures="0" tests="3" name="TestUno" time="0.003" errors="0" timestamp="2021-03-12T16:58:05 CST" skipped="0">
  <testcase classname="TestUno" name="test2" time="0.001"/>
  <system-out/>
  <testcase classname="TestUno" name="testCalcularResta" time="0.002"/>
  <system-out/>
  <testcase classname="TestUno" name="test3" time="0.000"/>
  <system-out/>
</testsuite> <!-- TestUno -->
